0 info it worked if it ends with ok
1 verbose cli [ 'node', '/usr/local/bin/npm', 'install' ]
2 info using npm@1.3.21
3 info using node@v0.10.24
4 warn package.json fittr-client@0.0.0 No repository field.
5 warn package.json fittr-client@0.0.0 No README data
6 verbose readDependencies using package.json deps
7 verbose install where, deps [ '/Users/dwu/Desktop/hackreactor/fittr-too/App/www',
7 verbose install   [ 'grunt',
7 verbose install     'express',
7 verbose install     'karma-script-launcher',
7 verbose install     'karma-chrome-launcher',
7 verbose install     'karma-firefox-launcher',
7 verbose install     'karma-html2js-preprocessor',
7 verbose install     'karma-jasmine',
7 verbose install     'karma-coffee-preprocessor',
7 verbose install     'requirejs',
7 verbose install     'karma-requirejs',
7 verbose install     'karma-phantomjs-launcher',
7 verbose install     'karma',
7 verbose install     'grunt-karma',
7 verbose install     'jshint',
7 verbose install     'grunt-contrib-watch',
7 verbose install     'grunt-contrib-jshint',
7 verbose install     'grunt-contrib-jasmine',
7 verbose install     'grunt-nodemon',
7 verbose install     'grunt-concurrent',
7 verbose install     'grunt-env' ] ]
8 info preinstall fittr-client@0.0.0
9 verbose readDependencies using package.json deps
10 verbose already installed skipping karma-script-launcher@~0.1.0 /Users/dwu/Desktop/hackreactor/fittr-too/App/www
11 verbose already installed skipping grunt@~0.4.2 /Users/dwu/Desktop/hackreactor/fittr-too/App/www
12 verbose already installed skipping express@~3.4.8 /Users/dwu/Desktop/hackreactor/fittr-too/App/www
13 verbose already installed skipping karma-chrome-launcher@~0.1.2 /Users/dwu/Desktop/hackreactor/fittr-too/App/www
14 verbose already installed skipping karma-firefox-launcher@~0.1.3 /Users/dwu/Desktop/hackreactor/fittr-too/App/www
15 verbose already installed skipping karma-html2js-preprocessor@~0.1.0 /Users/dwu/Desktop/hackreactor/fittr-too/App/www
16 verbose already installed skipping karma-coffee-preprocessor@~0.1.2 /Users/dwu/Desktop/hackreactor/fittr-too/App/www
17 verbose already installed skipping karma-jasmine@~0.1.5 /Users/dwu/Desktop/hackreactor/fittr-too/App/www
18 verbose already installed skipping requirejs@~2.1.10 /Users/dwu/Desktop/hackreactor/fittr-too/App/www
19 verbose already installed skipping karma-requirejs@~0.2.1 /Users/dwu/Desktop/hackreactor/fittr-too/App/www
20 verbose already installed skipping karma@~0.10.9 /Users/dwu/Desktop/hackreactor/fittr-too/App/www
21 verbose already installed skipping karma-phantomjs-launcher@~0.1.1 /Users/dwu/Desktop/hackreactor/fittr-too/App/www
22 verbose already installed skipping grunt-karma@~0.7.2 /Users/dwu/Desktop/hackreactor/fittr-too/App/www
23 verbose already installed skipping jshint@~2.4.1 /Users/dwu/Desktop/hackreactor/fittr-too/App/www
24 verbose already installed skipping grunt-contrib-jshint@~0.8.0 /Users/dwu/Desktop/hackreactor/fittr-too/App/www
25 verbose already installed skipping grunt-contrib-watch@~0.5.3 /Users/dwu/Desktop/hackreactor/fittr-too/App/www
26 verbose already installed skipping grunt-contrib-jasmine@0.5.1 /Users/dwu/Desktop/hackreactor/fittr-too/App/www
27 verbose already installed skipping grunt-nodemon@~0.1.2 /Users/dwu/Desktop/hackreactor/fittr-too/App/www
28 verbose already installed skipping grunt-concurrent@~0.4.2 /Users/dwu/Desktop/hackreactor/fittr-too/App/www
29 verbose already installed skipping grunt-env@~0.4.1 /Users/dwu/Desktop/hackreactor/fittr-too/App/www
30 silly resolved []
31 info build /Users/dwu/Desktop/hackreactor/fittr-too/App/www
32 verbose linkStuff [ false,
32 verbose linkStuff   false,
32 verbose linkStuff   false,
32 verbose linkStuff   '/Users/dwu/Desktop/hackreactor/fittr-too/App' ]
33 info linkStuff fittr-client@0.0.0
34 verbose linkBins fittr-client@0.0.0
35 verbose linkMans fittr-client@0.0.0
36 verbose rebuildBundles fittr-client@0.0.0
37 verbose rebuildBundles [ '.bin',
37 verbose rebuildBundles   'express',
37 verbose rebuildBundles   'grunt',
37 verbose rebuildBundles   'grunt-concurrent',
37 verbose rebuildBundles   'grunt-contrib-jasmine',
37 verbose rebuildBundles   'grunt-contrib-jshint',
37 verbose rebuildBundles   'grunt-contrib-watch',
37 verbose rebuildBundles   'grunt-env',
37 verbose rebuildBundles   'grunt-karma',
37 verbose rebuildBundles   'grunt-nodemon',
37 verbose rebuildBundles   'jshint',
37 verbose rebuildBundles   'karma',
37 verbose rebuildBundles   'karma-chrome-launcher',
37 verbose rebuildBundles   'karma-coffee-preprocessor',
37 verbose rebuildBundles   'karma-firefox-launcher',
37 verbose rebuildBundles   'karma-html2js-preprocessor',
37 verbose rebuildBundles   'karma-jasmine',
37 verbose rebuildBundles   'karma-phantomjs-launcher',
37 verbose rebuildBundles   'karma-requirejs',
37 verbose rebuildBundles   'karma-script-launcher',
37 verbose rebuildBundles   'requirejs' ]
38 info install fittr-client@0.0.0
39 info postinstall fittr-client@0.0.0
40 info prepublish fittr-client@0.0.0
41 error peerinvalid The package karma does not satisfy its siblings' peerDependencies requirements!
41 error peerinvalid Peer karma-script-launcher@0.1.0 wants karma@>=0.9
41 error peerinvalid Peer karma-chrome-launcher@0.1.2 wants karma@>=0.9.3
41 error peerinvalid Peer karma-firefox-launcher@0.1.3 wants karma@>=0.9
41 error peerinvalid Peer karma-html2js-preprocessor@0.1.0 wants karma@>=0.9
41 error peerinvalid Peer karma-jasmine@0.1.5 wants karma@>=0.9
41 error peerinvalid Peer karma-coffee-preprocessor@0.1.2 wants karma@>=0.9
41 error peerinvalid Peer karma-requirejs@0.2.1 wants karma@>=0.9
41 error peerinvalid Peer karma-phantomjs-launcher@0.1.1 wants karma@>=0.9
41 error peerinvalid Peer grunt-karma@0.7.2 wants karma@~0.11.0
42 error System Darwin 13.0.0
43 error command "node" "/usr/local/bin/npm" "install"
44 error cwd /Users/dwu/Desktop/hackreactor/fittr-too/App/www
45 error node -v v0.10.24
46 error npm -v 1.3.21
47 error code EPEERINVALID
48 verbose exit [ 1, true ]
